<?xml version="1.0" encoding="UTF-8"?>
<!-- Generated by org.testng.reporters.JUnitXMLReporter -->
<testsuite hostname="Aashish-PC" name="Gmail test " tests="12" failures="0" timestamp="4 Jul 2019 07:09:58 GMT" time="246.541" errors="0">
  <testcase name="@BeforeMethod setup" time="0.0" classname="com.gmail.testcases.LoginPageTest">
    <failure type="org.openqa.selenium.WebDriverException" message="unknown error: DevToolsActivePort file doesn&amp;apos;t exist
Build info: version: &amp;apos;3.141.59&amp;apos;, revision: &amp;apos;e82be7d358&amp;apos;, time: &amp;apos;2018-11-14T08:17:03&amp;apos;
System info: host: &amp;apos;AASHISH-PC&amp;apos;, ip: &amp;apos;192.168.91.1&amp;apos;, os.name: &amp;apos;Windows 7&amp;apos;, os.arch: &amp;apos;amd64&amp;apos;, os.version: &amp;apos;6.1&amp;apos;, java.version: &amp;apos;1.8.0_201&amp;apos;
Driver info: driver.version: ChromeDriver
remote stacktrace: Backtrace:
	Ordinal0 [0x01241B23+1448739]
	Ordinal0 [0x011C5A11+940561]
	Ordinal0 [0x01152293+467603]
	Ordinal0 [0x010EE91D+59677]
	Ordinal0 [0x010EBB1D+47901]
	Ordinal0 [0x01108D19+167193]
	Ordinal0 [0x011088ED+166125]
	Ordinal0 [0x01106FFB+159739]
	Ordinal0 [0x010F09F6+68086]
	Ordinal0 [0x010F1990+72080]
	Ordinal0 [0x010F1929+71977]
	GetHandleVerifier [0x01382E4C+1172140]
	GetHandleVerifier [0x012DFE35+504469]
	GetHandleVerifier [0x012DFBD0+503856]
	Ordinal0 [0x0124C9A8+1493416]
	GetHandleVerifier [0x012E060A+506474]
	Ordinal0 [0x011D7136+1012022]
	Ordinal0 [0x011D6FAF+1011631]
	Ordinal0 [0x011E133B+1053499]
	Ordinal0 [0x011E14A3+1053859]
	Ordinal0 [0x011E04D5+1049813]
	BaseThreadInitThunk [0x755D3677+18]
	RtlInitializeExceptionChain [0x773F9D72+99]
	RtlInitializeExceptionChain [0x773F9D45+54]
">
      <![CDATA[org.openqa.selenium.WebDriverException: unknown error: DevToolsActivePort file doesn't exist
Build info: version: '3.141.59', revision: 'e82be7d358', time: '2018-11-14T08:17:03'
System info: host: 'AASHISH-PC', ip: '192.168.91.1', os.name: 'Windows 7', os.arch: 'amd64', os.version: '6.1', java.version: '1.8.0_201'
Driver info: driver.version: ChromeDriver
remote stacktrace: Backtrace:
	Ordinal0 [0x01241B23+1448739]
	Ordinal0 [0x011C5A11+940561]
	Ordinal0 [0x01152293+467603]
	Ordinal0 [0x010EE91D+59677]
	Ordinal0 [0x010EBB1D+47901]
	Ordinal0 [0x01108D19+167193]
	Ordinal0 [0x011088ED+166125]
	Ordinal0 [0x01106FFB+159739]
	Ordinal0 [0x010F09F6+68086]
	Ordinal0 [0x010F1990+72080]
	Ordinal0 [0x010F1929+71977]
	GetHandleVerifier [0x01382E4C+1172140]
	GetHandleVerifier [0x012DFE35+504469]
	GetHandleVerifier [0x012DFBD0+503856]
	Ordinal0 [0x0124C9A8+1493416]
	GetHandleVerifier [0x012E060A+506474]
	Ordinal0 [0x011D7136+1012022]
	Ordinal0 [0x011D6FAF+1011631]
	Ordinal0 [0x011E133B+1053499]
	Ordinal0 [0x011E14A3+1053859]
	Ordinal0 [0x011E04D5+1049813]
	BaseThreadInitThunk [0x755D3677+18]
	RtlInitializeExceptionChain [0x773F9D72+99]
	RtlInitializeExceptionChain [0x773F9D45+54]

	at org.openqa.selenium.remote.W3CHandshakeResponse.lambda$errorHandler$0(W3CHandshakeResponse.java:62)
	at org.openqa.selenium.remote.HandshakeResponse.lambda$getResponseFunction$0(HandshakeResponse.java:30)
	at org.openqa.selenium.remote.ProtocolHandshake.lambda$createSession$0(ProtocolHandshake.java:126)
	at java.util.stream.ReferencePipeline$3$1.accept(Unknown Source)
	at java.util.Spliterators$ArraySpliterator.tryAdvance(Unknown Source)
	at java.util.stream.ReferencePipeline.forEachWithCancel(Unknown Source)
	at java.util.stream.AbstractPipeline.copyIntoWithCancel(Unknown Source)
	at java.util.stream.AbstractPipeline.copyInto(Unknown Source)
	at java.util.stream.AbstractPipeline.wrapAndCopyInto(Unknown Source)
	at java.util.stream.FindOps$FindOp.evaluateSequential(Unknown Source)
	at java.util.stream.AbstractPipeline.evaluate(Unknown Source)
	at java.util.stream.ReferencePipeline.findFirst(Unknown Source)
	at org.openqa.selenium.remote.ProtocolHandshake.createSession(ProtocolHandshake.java:128)
	at org.openqa.selenium.remote.ProtocolHandshake.createSession(ProtocolHandshake.java:74)
	at org.openqa.selenium.remote.HttpCommandExecutor.execute(HttpCommandExecutor.java:136)
	at org.openqa.selenium.remote.service.DriverCommandExecutor.execute(DriverCommandExecutor.java:83)
	at org.openqa.selenium.remote.RemoteWebDriver.execute(RemoteWebDriver.java:552)
	at org.openqa.selenium.remote.RemoteWebDriver.startSession(RemoteWebDriver.java:213)
	at org.openqa.selenium.remote.RemoteWebDriver.<init>(RemoteWebDriver.java:131)
	at org.openqa.selenium.chrome.ChromeDriver.<init>(ChromeDriver.java:181)
	at org.openqa.selenium.chrome.ChromeDriver.<init>(ChromeDriver.java:168)
	at org.openqa.selenium.chrome.ChromeDriver.<init>(ChromeDriver.java:123)
	at com.gmail.base.Testbase.initilization(Testbase.java:47)
	at com.gmail.testcases.LoginPageTest.setup(LoginPageTest.java:26)
... Removed 30 stack frames]]>
    </failure>
  </testcase> <!-- @BeforeMethod setup -->
  <testcase name="@AfterMethod stop" time="0.0" classname="com.gmail.testcases.LoginPageTest">
    <skipped/>
  </testcase> <!-- @AfterMethod stop -->
  <testcase name="@BeforeMethod setup" time="0.0" classname="com.gmail.testcases.LoginPageTest">
    <skipped/>
  </testcase> <!-- @BeforeMethod setup -->
  <testcase name="@AfterMethod stop" time="0.0" classname="com.gmail.testcases.LoginPageTest">
    <skipped/>
  </testcase> <!-- @AfterMethod stop -->
  <testcase name="@BeforeMethod setup" time="0.0" classname="com.gmail.testcases.LoginPageTest">
    <skipped/>
  </testcase> <!-- @BeforeMethod setup -->
  <testcase name="@AfterMethod stop" time="0.0" classname="com.gmail.testcases.LoginPageTest">
    <skipped/>
  </testcase> <!-- @AfterMethod stop -->
  <testcase name="@BeforeMethod setup" time="0.0" classname="com.gmail.testcases.LoginPageTest">
    <skipped/>
  </testcase> <!-- @BeforeMethod setup -->
  <testcase name="@AfterMethod stop" time="0.0" classname="com.gmail.testcases.LoginPageTest">
    <skipped/>
  </testcase> <!-- @AfterMethod stop -->
  <testcase name="@BeforeMethod setup" time="0.0" classname="com.gmail.testcases.LoginPageTest">
    <skipped/>
  </testcase> <!-- @BeforeMethod setup -->
  <testcase name="@AfterMethod stop" time="0.0" classname="com.gmail.testcases.LoginPageTest">
    <skipped/>
  </testcase> <!-- @AfterMethod stop -->
  <testcase name="@BeforeMethod setup" time="0.0" classname="com.gmail.testcases.HomePageTest">
    <failure type="org.openqa.selenium.WebDriverException" message="unknown error: unable to discover open pages
Build info: version: &amp;apos;3.141.59&amp;apos;, revision: &amp;apos;e82be7d358&amp;apos;, time: &amp;apos;2018-11-14T08:17:03&amp;apos;
System info: host: &amp;apos;AASHISH-PC&amp;apos;, ip: &amp;apos;192.168.91.1&amp;apos;, os.name: &amp;apos;Windows 7&amp;apos;, os.arch: &amp;apos;amd64&amp;apos;, os.version: &amp;apos;6.1&amp;apos;, java.version: &amp;apos;1.8.0_201&amp;apos;
Driver info: driver.version: ChromeDriver
remote stacktrace: Backtrace:
	Ordinal0 [0x01241B23+1448739]
	Ordinal0 [0x011C5A11+940561]
	Ordinal0 [0x01152293+467603]
	Ordinal0 [0x010EF1DA+61914]
	Ordinal0 [0x010EBBBD+48061]
	Ordinal0 [0x01108D19+167193]
	Ordinal0 [0x011088ED+166125]
	Ordinal0 [0x01106FFB+159739]
	Ordinal0 [0x010F09F6+68086]
	Ordinal0 [0x010F1990+72080]
	Ordinal0 [0x010F1929+71977]
	GetHandleVerifier [0x01382E4C+1172140]
	GetHandleVerifier [0x012DFE35+504469]
	GetHandleVerifier [0x012DFBD0+503856]
	Ordinal0 [0x0124C9A8+1493416]
	GetHandleVerifier [0x012E060A+506474]
	Ordinal0 [0x011D7136+1012022]
	Ordinal0 [0x011D6FAF+1011631]
	Ordinal0 [0x011E133B+1053499]
	Ordinal0 [0x011E14A3+1053859]
	Ordinal0 [0x011E04D5+1049813]
	BaseThreadInitThunk [0x755D3677+18]
	RtlInitializeExceptionChain [0x773F9D72+99]
	RtlInitializeExceptionChain [0x773F9D45+54]
">
      <![CDATA[org.openqa.selenium.WebDriverException: unknown error: unable to discover open pages
Build info: version: '3.141.59', revision: 'e82be7d358', time: '2018-11-14T08:17:03'
System info: host: 'AASHISH-PC', ip: '192.168.91.1', os.name: 'Windows 7', os.arch: 'amd64', os.version: '6.1', java.version: '1.8.0_201'
Driver info: driver.version: ChromeDriver
remote stacktrace: Backtrace:
	Ordinal0 [0x01241B23+1448739]
	Ordinal0 [0x011C5A11+940561]
	Ordinal0 [0x01152293+467603]
	Ordinal0 [0x010EF1DA+61914]
	Ordinal0 [0x010EBBBD+48061]
	Ordinal0 [0x01108D19+167193]
	Ordinal0 [0x011088ED+166125]
	Ordinal0 [0x01106FFB+159739]
	Ordinal0 [0x010F09F6+68086]
	Ordinal0 [0x010F1990+72080]
	Ordinal0 [0x010F1929+71977]
	GetHandleVerifier [0x01382E4C+1172140]
	GetHandleVerifier [0x012DFE35+504469]
	GetHandleVerifier [0x012DFBD0+503856]
	Ordinal0 [0x0124C9A8+1493416]
	GetHandleVerifier [0x012E060A+506474]
	Ordinal0 [0x011D7136+1012022]
	Ordinal0 [0x011D6FAF+1011631]
	Ordinal0 [0x011E133B+1053499]
	Ordinal0 [0x011E14A3+1053859]
	Ordinal0 [0x011E04D5+1049813]
	BaseThreadInitThunk [0x755D3677+18]
	RtlInitializeExceptionChain [0x773F9D72+99]
	RtlInitializeExceptionChain [0x773F9D45+54]

	at org.openqa.selenium.remote.W3CHandshakeResponse.lambda$errorHandler$0(W3CHandshakeResponse.java:62)
	at org.openqa.selenium.remote.HandshakeResponse.lambda$getResponseFunction$0(HandshakeResponse.java:30)
	at org.openqa.selenium.remote.ProtocolHandshake.lambda$createSession$0(ProtocolHandshake.java:126)
	at java.util.stream.ReferencePipeline$3$1.accept(Unknown Source)
	at java.util.Spliterators$ArraySpliterator.tryAdvance(Unknown Source)
	at java.util.stream.ReferencePipeline.forEachWithCancel(Unknown Source)
	at java.util.stream.AbstractPipeline.copyIntoWithCancel(Unknown Source)
	at java.util.stream.AbstractPipeline.copyInto(Unknown Source)
	at java.util.stream.AbstractPipeline.wrapAndCopyInto(Unknown Source)
	at java.util.stream.FindOps$FindOp.evaluateSequential(Unknown Source)
	at java.util.stream.AbstractPipeline.evaluate(Unknown Source)
	at java.util.stream.ReferencePipeline.findFirst(Unknown Source)
	at org.openqa.selenium.remote.ProtocolHandshake.createSession(ProtocolHandshake.java:128)
	at org.openqa.selenium.remote.ProtocolHandshake.createSession(ProtocolHandshake.java:74)
	at org.openqa.selenium.remote.HttpCommandExecutor.execute(HttpCommandExecutor.java:136)
	at org.openqa.selenium.remote.service.DriverCommandExecutor.execute(DriverCommandExecutor.java:83)
	at org.openqa.selenium.remote.RemoteWebDriver.execute(RemoteWebDriver.java:552)
	at org.openqa.selenium.remote.RemoteWebDriver.startSession(RemoteWebDriver.java:213)
	at org.openqa.selenium.remote.RemoteWebDriver.<init>(RemoteWebDriver.java:131)
	at org.openqa.selenium.chrome.ChromeDriver.<init>(ChromeDriver.java:181)
	at org.openqa.selenium.chrome.ChromeDriver.<init>(ChromeDriver.java:168)
	at org.openqa.selenium.chrome.ChromeDriver.<init>(ChromeDriver.java:123)
	at com.gmail.base.Testbase.initilization(Testbase.java:47)
	at com.gmail.testcases.HomePageTest.setup(HomePageTest.java:28)
... Removed 30 stack frames]]>
    </failure>
  </testcase> <!-- @BeforeMethod setup -->
  <testcase name="@AfterMethod stop" time="0.0" classname="com.gmail.testcases.HomePageTest">
    <skipped/>
  </testcase> <!-- @AfterMethod stop -->
  <testcase name="@BeforeMethod setup" time="0.0" classname="com.gmail.testcases.HomePageTest">
    <skipped/>
  </testcase> <!-- @BeforeMethod setup -->
  <testcase name="@AfterMethod stop" time="0.0" classname="com.gmail.testcases.HomePageTest">
    <skipped/>
  </testcase> <!-- @AfterMethod stop -->
  <testcase name="@BeforeMethod setup" time="0.0" classname="com.gmail.testcases.HomePageTest">
    <skipped/>
  </testcase> <!-- @BeforeMethod setup -->
  <testcase name="@AfterMethod stop" time="0.0" classname="com.gmail.testcases.HomePageTest">
    <skipped/>
  </testcase> <!-- @AfterMethod stop -->
  <testcase name="@BeforeMethod setup" time="0.0" classname="com.gmail.testcases.HomePageTest">
    <skipped/>
  </testcase> <!-- @BeforeMethod setup -->
  <testcase name="@AfterMethod stop" time="0.0" classname="com.gmail.testcases.HomePageTest">
    <skipped/>
  </testcase> <!-- @AfterMethod stop -->
  <testcase name="@BeforeMethod setup" time="0.0" classname="com.gmail.testcases.HomePageTest">
    <skipped/>
  </testcase> <!-- @BeforeMethod setup -->
  <testcase name="@AfterMethod stop" time="0.0" classname="com.gmail.testcases.HomePageTest">
    <skipped/>
  </testcase> <!-- @AfterMethod stop -->
  <testcase name="@BeforeMethod setup" time="0.0" classname="com.gmail.testcases.HomePageTest">
    <skipped/>
  </testcase> <!-- @BeforeMethod setup -->
  <testcase name="@AfterMethod stop" time="0.0" classname="com.gmail.testcases.HomePageTest">
    <skipped/>
  </testcase> <!-- @AfterMethod stop -->
  <testcase name="@BeforeMethod setup" time="0.0" classname="com.gmail.testcases.HomePageTest">
    <skipped/>
  </testcase> <!-- @BeforeMethod setup -->
  <testcase name="@AfterMethod stop" time="0.0" classname="com.gmail.testcases.HomePageTest">
    <skipped/>
  </testcase> <!-- @AfterMethod stop -->
  <testcase name="passLoginData" time="0.003" classname="com.gmail.testcases.LoginPageTest">
    <skipped/>
  </testcase> <!-- passLoginData -->
  <testcase name="passLoginData" time="0.002" classname="com.gmail.testcases.LoginPageTest">
    <skipped/>
  </testcase> <!-- passLoginData -->
  <testcase name="passLoginData" time="0.002" classname="com.gmail.testcases.LoginPageTest">
    <skipped/>
  </testcase> <!-- passLoginData -->
  <testcase name="passLoginData" time="0.004" classname="com.gmail.testcases.LoginPageTest">
    <skipped/>
  </testcase> <!-- passLoginData -->
  <testcase name="validatelogo" time="0.001" classname="com.gmail.testcases.LoginPageTest">
    <skipped/>
  </testcase> <!-- validatelogo -->
  <testcase name="verifyhomelogo" time="0.002" classname="com.gmail.testcases.HomePageTest">
    <skipped/>
  </testcase> <!-- verifyhomelogo -->
  <testcase name="verifyUser" time="0.017" classname="com.gmail.testcases.HomePageTest">
    <skipped/>
  </testcase> <!-- verifyUser -->
  <testcase name="sendingmail" time="0.004" classname="com.gmail.testcases.HomePageTest">
    <skipped/>
  </testcase> <!-- sendingmail -->
  <testcase name="sendingmail" time="0.002" classname="com.gmail.testcases.HomePageTest">
    <skipped/>
  </testcase> <!-- sendingmail -->
  <testcase name="sendingmail" time="0.002" classname="com.gmail.testcases.HomePageTest">
    <skipped/>
  </testcase> <!-- sendingmail -->
  <testcase name="sendingmail" time="0.001" classname="com.gmail.testcases.HomePageTest">
    <skipped/>
  </testcase> <!-- sendingmail -->
  <testcase name="signout" time="0.002" classname="com.gmail.testcases.HomePageTest">
    <skipped/>
  </testcase> <!-- signout -->
</testsuite> <!-- Gmail test  -->
